SF:lib/flutter_network_connectivity.dart
DA:39,1
DA:43,2
DA:45,1
DA:46,1
DA:47,2
DA:49,1
DA:50,0
DA:55,0
DA:57,0
DA:58,0
DA:61,0
DA:62,0
DA:65,0
DA:66,0
DA:67,0
DA:76,1
DA:78,2
DA:82,0
DA:84,0
DA:93,0
DA:94,0
DA:95,0
DA:103,0
DA:104,0
DA:105,0
DA:109,0
DA:110,0
DA:111,0
DA:115,0
DA:116,0
DA:117,0
DA:125,0
DA:127,0
DA:130,0
DA:131,0
DA:134,0
DA:135,0
DA:136,0
DA:139,1
DA:141,3
DA:142,4
DA:143,1
DA:144,1
DA:146,0
DA:147,0
DA:149,0
DA:150,0
DA:151,0
DA:154,1
DA:157,1
DA:158,2
DA:161,0
DA:162,0
DA:165,0
DA:166,0
DA:167,0
LF:56
LH:16
end_of_record
